Copyright 1986-2016 Xilinx, Inc. All Rights Reserved.
-------------------------------------------------------------------------------------------------
| Tool Version : Vivado v.2016.4 (win64) Build 1756540 Mon Jan 23 19:11:23 MST 2017
| Date         : Fri Apr 07 00:57:33 2017
| Host         : Sourya-Win7PC running 64-bit Service Pack 1  (build 7601)
| Command      : report_utilization -file DNN_utilization_synth.rpt -pb DNN_utilization_synth.pb
| Design       : DNN
| Device       : 7a100tcsg324-1
| Design State : Synthesized
-------------------------------------------------------------------------------------------------

Utilization Design Information

Table of Contents
-----------------
1. Slice Logic
1.1 Summary of Registers by Type
2. Memory
3. DSP
4. IO and GT Specific
5. Clocking
6. Specific Feature
7. Primitives
8. Black Boxes
9. Instantiated Netlists

1. Slice Logic
--------------

+----------------------------+--------+-------+-----------+--------+
|          Site Type         |  Used  | Fixed | Available |  Util% |
+----------------------------+--------+-------+-----------+--------+
| Slice LUTs*                | 438225 |     0 |     63400 | 691.21 |
|   LUT as Logic             | 418555 |     0 |     63400 | 660.18 |
|   LUT as Memory            |  19670 |     0 |     19000 | 103.53 |
|     LUT as Distributed RAM |  19668 |     0 |           |        |
|     LUT as Shift Register  |      2 |     0 |           |        |
| Slice Registers            | 119406 |     0 |    126800 |  94.17 |
|   Register as Flip Flop    | 119390 |     0 |    126800 |  94.16 |
|   Register as Latch        |     16 |     0 |    126800 |   0.01 |
| F7 Muxes                   |  59901 |     0 |     31700 | 188.96 |
| F8 Muxes                   |  13860 |     0 |     15850 |  87.44 |
+----------------------------+--------+-------+-----------+--------+
* Warning! The Final LUT count, after physical optimizations and full implementation, is typically lower. Run opt_design after synthesis, if not already completed, for a more realistic count.


1.1 Summary of Registers by Type
--------------------------------

+--------+--------------+-------------+--------------+
|  Total | Clock Enable | Synchronous | Asynchronous |
+--------+--------------+-------------+--------------+
| 0      |            _ |           - |            - |
| 0      |            _ |           - |          Set |
| 0      |            _ |           - |        Reset |
| 0      |            _ |         Set |            - |
| 0      |            _ |       Reset |            - |
| 0      |          Yes |           - |            - |
| 17     |          Yes |           - |          Set |
| 3731   |          Yes |           - |        Reset |
| 0      |          Yes |         Set |            - |
| 115658 |          Yes |       Reset |            - |
+--------+--------------+-------------+--------------+


2. Memory
---------

+-------------------+------+-------+-----------+-------+
|     Site Type     | Used | Fixed | Available | Util% |
+-------------------+------+-------+-----------+-------+
| Block RAM Tile    |    2 |     0 |       135 |  1.48 |
|   RAMB36/FIFO*    |    0 |     0 |       135 |  0.00 |
|   RAMB18          |    4 |     0 |       270 |  1.48 |
|     RAMB18E1 only |    4 |       |           |       |
+-------------------+------+-------+-----------+-------+
* Note: Each Block RAM Tile only has one FIFO logic available and therefore can accommodate only one FIFO36E1 or one FIFO18E1. However, if a FIFO18E1 occupies a Block RAM Tile, that tile can still accommodate a RAMB18E1


3. DSP
------

+-----------+------+-------+-----------+-------+
| Site Type | Used | Fixed | Available | Util% |
+-----------+------+-------+-----------+-------+
| DSPs      |    0 |     0 |       240 |  0.00 |
+-----------+------+-------+-----------+-------+


4. IO and GT Specific
---------------------

+-----------------------------+------+-------+-----------+--------+
|          Site Type          | Used | Fixed | Available |  Util% |
+-----------------------------+------+-------+-----------+--------+
| Bonded IOB                  |  478 |     0 |       210 | 227.62 |
| Bonded IPADs                |    0 |     0 |         2 |   0.00 |
| PHY_CONTROL                 |    0 |     0 |         6 |   0.00 |
| PHASER_REF                  |    0 |     0 |         6 |   0.00 |
| OUT_FIFO                    |    0 |     0 |        24 |   0.00 |
| IN_FIFO                     |    0 |     0 |        24 |   0.00 |
| IDELAYCTRL                  |    0 |     0 |         6 |   0.00 |
| IBUFDS                      |    0 |     0 |       202 |   0.00 |
| PHASER_OUT/PHASER_OUT_PHY   |    0 |     0 |        24 |   0.00 |
| PHASER_IN/PHASER_IN_PHY     |    0 |     0 |        24 |   0.00 |
| IDELAYE2/IDELAYE2_FINEDELAY |    0 |     0 |       300 |   0.00 |
| ILOGIC                      |    0 |     0 |       210 |   0.00 |
| OLOGIC                      |    0 |     0 |       210 |   0.00 |
+-----------------------------+------+-------+-----------+--------+


5. Clocking
-----------

+------------+------+-------+-----------+-------+
|  Site Type | Used | Fixed | Available | Util% |
+------------+------+-------+-----------+-------+
| BUFGCTRL   |    2 |     0 |        32 |  6.25 |
| BUFIO      |    0 |     0 |        24 |  0.00 |
| MMCME2_ADV |    0 |     0 |         6 |  0.00 |
| PLLE2_ADV  |    0 |     0 |         6 |  0.00 |
| BUFMRCE    |    0 |     0 |        12 |  0.00 |
| BUFHCE     |    0 |     0 |        96 |  0.00 |
| BUFR       |    0 |     0 |        24 |  0.00 |
+------------+------+-------+-----------+-------+


6. Specific Feature
-------------------

+-------------+------+-------+-----------+-------+
|  Site Type  | Used | Fixed | Available | Util% |
+-------------+------+-------+-----------+-------+
| BSCANE2     |    0 |     0 |         4 |  0.00 |
| CAPTUREE2   |    0 |     0 |         1 |  0.00 |
| DNA_PORT    |    0 |     0 |         1 |  0.00 |
| EFUSE_USR   |    0 |     0 |         1 |  0.00 |
| FRAME_ECCE2 |    0 |     0 |         1 |  0.00 |
| ICAPE2      |    0 |     0 |         2 |  0.00 |
| PCIE_2_1    |    0 |     0 |         1 |  0.00 |
| STARTUPE2   |    0 |     0 |         1 |  0.00 |
| XADC        |    0 |     0 |         1 |  0.00 |
+-------------+------+-------+-----------+-------+


7. Primitives
-------------

+----------+--------+---------------------+
| Ref Name |  Used  | Functional Category |
+----------+--------+---------------------+
| LUT6     | 140510 |                 LUT |
| FDRE     | 115658 |        Flop & Latch |
| LUT3     | 113529 |                 LUT |
| LUT5     | 109608 |                 LUT |
| MUXF7    |  59901 |               MuxFx |
| LUT4     |  58852 |                 LUT |
| LUT2     |  40209 |                 LUT |
| CARRY4   |  27558 |          CarryLogic |
| RAMS32   |  19668 |  Distributed Memory |
| MUXF8    |  13860 |               MuxFx |
| LUT1     |   3904 |                 LUT |
| FDCE     |   3715 |        Flop & Latch |
| IBUF     |    461 |                  IO |
| OBUF     |     17 |                  IO |
| FDPE     |     17 |        Flop & Latch |
| LDCE     |     16 |        Flop & Latch |
| RAMB18E1 |      4 |        Block Memory |
| BUFG     |      2 |               Clock |
| SRLC32E  |      1 |  Distributed Memory |
| SRL16E   |      1 |  Distributed Memory |
+----------+--------+---------------------+


8. Black Boxes
--------------

+----------+------+
| Ref Name | Used |
+----------+------+


9. Instantiated Netlists
------------------------

+----------+------+
| Ref Name | Used |
+----------+------+


